[26-Nov-2021 13:14:51 UTC] PHP Warning:  require(/Users/marieverraest/Local Sites/bibliothequeproject/app/public/wp-content/plugins/books/lib/fields/event-settings.php): failed to open stream: No such file or directory in /Users/marieverraest/Local Sites/bibliothequeproject/app/public/wp-content/plugins/books/lib/fields/loader.php on line 2
[26-Nov-2021 13:14:51 UTC] PHP Stack trace:
[26-Nov-2021 13:14:51 UTC] PHP   1. {main}() /Users/marieverraest/Local Sites/bibliothequeproject/app/public/wp-admin/admin-ajax.php:0
[26-Nov-2021 13:14:51 UTC] PHP   2. require_once() /Users/marieverraest/Local Sites/bibliothequeproject/app/public/wp-admin/admin-ajax.php:22
[26-Nov-2021 13:14:51 UTC] PHP   3. require_once() /Users/marieverraest/Local Sites/bibliothequeproject/app/public/wp-load.php:50
[26-Nov-2021 13:14:51 UTC] PHP   4. require_once() /Users/marieverraest/Local Sites/bibliothequeproject/app/public/wp-config.php:77
[26-Nov-2021 13:14:51 UTC] PHP   5. include_once() /Users/marieverraest/Local Sites/bibliothequeproject/app/public/wp-settings.php:409
[26-Nov-2021 13:14:51 UTC] PHP   6. require() /Users/marieverraest/Local Sites/bibliothequeproject/app/public/wp-content/plugins/books/books.php:14
[26-Nov-2021 13:14:51 UTC] PHP Fatal error:  require(): Failed opening required '/Users/marieverraest/Local Sites/bibliothequeproject/app/public/wp-content/plugins/books/lib/fields/event-settings.php' (include_path='.:/usr/share/php:/www/wp-content/pear') in /Users/marieverraest/Local Sites/bibliothequeproject/app/public/wp-content/plugins/books/lib/fields/loader.php on line 2
[26-Nov-2021 13:14:51 UTC] PHP Stack trace:
[26-Nov-2021 13:14:51 UTC] PHP   1. {main}() /Users/marieverraest/Local Sites/bibliothequeproject/app/public/wp-admin/admin-ajax.php:0
[26-Nov-2021 13:14:51 UTC] PHP   2. require_once() /Users/marieverraest/Local Sites/bibliothequeproject/app/public/wp-admin/admin-ajax.php:22
[26-Nov-2021 13:14:51 UTC] PHP   3. require_once() /Users/marieverraest/Local Sites/bibliothequeproject/app/public/wp-load.php:50
[26-Nov-2021 13:14:51 UTC] PHP   4. require_once() /Users/marieverraest/Local Sites/bibliothequeproject/app/public/wp-config.php:77
[26-Nov-2021 13:14:51 UTC] PHP   5. include_once() /Users/marieverraest/Local Sites/bibliothequeproject/app/public/wp-settings.php:409
[26-Nov-2021 13:14:51 UTC] PHP   6. require() /Users/marieverraest/Local Sites/bibliothequeproject/app/public/wp-content/plugins/books/books.php:14
[26-Nov-2021 13:15:06 UTC] PHP Warning:  require(/Users/marieverraest/Local Sites/bibliothequeproject/app/public/wp-content/plugins/books/lib/fields): failed to open stream: No such file or directory in /Users/marieverraest/Local Sites/bibliothequeproject/app/public/wp-content/plugins/books/lib/fields/loader.php on line 2
[26-Nov-2021 13:15:06 UTC] PHP Stack trace:
[26-Nov-2021 13:15:06 UTC] PHP   1. {main}() /Users/marieverraest/Local Sites/bibliothequeproject/app/public/wp-admin/admin-ajax.php:0
[26-Nov-2021 13:15:06 UTC] PHP   2. require_once() /Users/marieverraest/Local Sites/bibliothequeproject/app/public/wp-admin/admin-ajax.php:22
[26-Nov-2021 13:15:06 UTC] PHP   3. require_once() /Users/marieverraest/Local Sites/bibliothequeproject/app/public/wp-load.php:50
[26-Nov-2021 13:15:06 UTC] PHP   4. require_once() /Users/marieverraest/Local Sites/bibliothequeproject/app/public/wp-config.php:77
[26-Nov-2021 13:15:06 UTC] PHP   5. include_once() /Users/marieverraest/Local Sites/bibliothequeproject/app/public/wp-settings.php:409
[26-Nov-2021 13:15:06 UTC] PHP   6. require() /Users/marieverraest/Local Sites/bibliothequeproject/app/public/wp-content/plugins/books/books.php:14
[26-Nov-2021 13:15:06 UTC] PHP Fatal error:  require(): Failed opening required '/Users/marieverraest/Local Sites/bibliothequeproject/app/public/wp-content/plugins/books/lib/fields/' (include_path='.:/usr/share/php:/www/wp-content/pear') in /Users/marieverraest/Local Sites/bibliothequeproject/app/public/wp-content/plugins/books/lib/fields/loader.php on line 2
[26-Nov-2021 13:15:06 UTC] PHP Stack trace:
[26-Nov-2021 13:15:06 UTC] PHP   1. {main}() /Users/marieverraest/Local Sites/bibliothequeproject/app/public/wp-admin/admin-ajax.php:0
[26-Nov-2021 13:15:06 UTC] PHP   2. require_once() /Users/marieverraest/Local Sites/bibliothequeproject/app/public/wp-admin/admin-ajax.php:22
[26-Nov-2021 13:15:06 UTC] PHP   3. require_once() /Users/marieverraest/Local Sites/bibliothequeproject/app/public/wp-load.php:50
[26-Nov-2021 13:15:06 UTC] PHP   4. require_once() /Users/marieverraest/Local Sites/bibliothequeproject/app/public/wp-config.php:77
[26-Nov-2021 13:15:06 UTC] PHP   5. include_once() /Users/marieverraest/Local Sites/bibliothequeproject/app/public/wp-settings.php:409
[26-Nov-2021 13:15:06 UTC] PHP   6. require() /Users/marieverraest/Local Sites/bibliothequeproject/app/public/wp-content/plugins/books/books.php:14
[26-Nov-2021 13:15:21 UTC] PHP Warning:  require(/Users/marieverraest/Local Sites/bibliothequeproject/app/public/wp-content/plugins/books/lib/fields): failed to open stream: No such file or directory in /Users/marieverraest/Local Sites/bibliothequeproject/app/public/wp-content/plugins/books/lib/fields/loader.php on line 2
[26-Nov-2021 13:15:21 UTC] PHP Stack trace:
[26-Nov-2021 13:15:21 UTC] PHP   1. {main}() /Users/marieverraest/Local Sites/bibliothequeproject/app/public/wp-admin/admin-ajax.php:0
[26-Nov-2021 13:15:21 UTC] PHP   2. require_once() /Users/marieverraest/Local Sites/bibliothequeproject/app/public/wp-admin/admin-ajax.php:22
[26-Nov-2021 13:15:21 UTC] PHP   3. require_once() /Users/marieverraest/Local Sites/bibliothequeproject/app/public/wp-load.php:50
[26-Nov-2021 13:15:21 UTC] PHP   4. require_once() /Users/marieverraest/Local Sites/bibliothequeproject/app/public/wp-config.php:77
[26-Nov-2021 13:15:21 UTC] PHP   5. include_once() /Users/marieverraest/Local Sites/bibliothequeproject/app/public/wp-settings.php:409
[26-Nov-2021 13:15:21 UTC] PHP   6. require() /Users/marieverraest/Local Sites/bibliothequeproject/app/public/wp-content/plugins/books/books.php:14
[26-Nov-2021 13:15:21 UTC] PHP Fatal error:  require(): Failed opening required '/Users/marieverraest/Local Sites/bibliothequeproject/app/public/wp-content/plugins/books/lib/fields/' (include_path='.:/usr/share/php:/www/wp-content/pear') in /Users/marieverraest/Local Sites/bibliothequeproject/app/public/wp-content/plugins/books/lib/fields/loader.php on line 2
[26-Nov-2021 13:15:21 UTC] PHP Stack trace:
[26-Nov-2021 13:15:21 UTC] PHP   1. {main}() /Users/marieverraest/Local Sites/bibliothequeproject/app/public/wp-admin/admin-ajax.php:0
[26-Nov-2021 13:15:21 UTC] PHP   2. require_once() /Users/marieverraest/Local Sites/bibliothequeproject/app/public/wp-admin/admin-ajax.php:22
[26-Nov-2021 13:15:21 UTC] PHP   3. require_once() /Users/marieverraest/Local Sites/bibliothequeproject/app/public/wp-load.php:50
[26-Nov-2021 13:15:21 UTC] PHP   4. require_once() /Users/marieverraest/Local Sites/bibliothequeproject/app/public/wp-config.php:77
[26-Nov-2021 13:15:21 UTC] PHP   5. include_once() /Users/marieverraest/Local Sites/bibliothequeproject/app/public/wp-settings.php:409
[26-Nov-2021 13:15:21 UTC] PHP   6. require() /Users/marieverraest/Local Sites/bibliothequeproject/app/public/wp-content/plugins/books/books.php:14
[26-Nov-2021 13:17:27 UTC] PHP Warning:  require(/Users/marieverraest/Local Sites/bibliothequeproject/app/public/wp-content/plugins/books/lib/fields): failed to open stream: No such file or directory in /Users/marieverraest/Local Sites/bibliothequeproject/app/public/wp-content/plugins/books/lib/fields/loader.php on line 2
[26-Nov-2021 13:17:27 UTC] PHP Stack trace:
[26-Nov-2021 13:17:27 UTC] PHP   1. {main}() /Users/marieverraest/Local Sites/bibliothequeproject/app/public/wp-admin/admin-ajax.php:0
[26-Nov-2021 13:17:27 UTC] PHP   2. require_once() /Users/marieverraest/Local Sites/bibliothequeproject/app/public/wp-admin/admin-ajax.php:22
[26-Nov-2021 13:17:27 UTC] PHP   3. require_once() /Users/marieverraest/Local Sites/bibliothequeproject/app/public/wp-load.php:50
[26-Nov-2021 13:17:27 UTC] PHP   4. require_once() /Users/marieverraest/Local Sites/bibliothequeproject/app/public/wp-config.php:77
[26-Nov-2021 13:17:27 UTC] PHP   5. include_once() /Users/marieverraest/Local Sites/bibliothequeproject/app/public/wp-settings.php:409
[26-Nov-2021 13:17:27 UTC] PHP   6. require() /Users/marieverraest/Local Sites/bibliothequeproject/app/public/wp-content/plugins/books/books.php:15
[26-Nov-2021 13:17:27 UTC] PHP Fatal error:  require(): Failed opening required '/Users/marieverraest/Local Sites/bibliothequeproject/app/public/wp-content/plugins/books/lib/fields/' (include_path='.:/usr/share/php:/www/wp-content/pear') in /Users/marieverraest/Local Sites/bibliothequeproject/app/public/wp-content/plugins/books/lib/fields/loader.php on line 2
[26-Nov-2021 13:17:27 UTC] PHP Stack trace:
[26-Nov-2021 13:17:27 UTC] PHP   1. {main}() /Users/marieverraest/Local Sites/bibliothequeproject/app/public/wp-admin/admin-ajax.php:0
[26-Nov-2021 13:17:27 UTC] PHP   2. require_once() /Users/marieverraest/Local Sites/bibliothequeproject/app/public/wp-admin/admin-ajax.php:22
[26-Nov-2021 13:17:27 UTC] PHP   3. require_once() /Users/marieverraest/Local Sites/bibliothequeproject/app/public/wp-load.php:50
[26-Nov-2021 13:17:27 UTC] PHP   4. require_once() /Users/marieverraest/Local Sites/bibliothequeproject/app/public/wp-config.php:77
[26-Nov-2021 13:17:27 UTC] PHP   5. include_once() /Users/marieverraest/Local Sites/bibliothequeproject/app/public/wp-settings.php:409
[26-Nov-2021 13:17:27 UTC] PHP   6. require() /Users/marieverraest/Local Sites/bibliothequeproject/app/public/wp-content/plugins/books/books.php:15
[26-Nov-2021 13:19:30 UTC] PHP Warning:  require(/Users/marieverraest/Local Sites/bibliothequeproject/app/public/wp-content/plugins/books/lib/fields): failed to open stream: No such file or directory in /Users/marieverraest/Local Sites/bibliothequeproject/app/public/wp-content/plugins/books/lib/fields/loader.php on line 2
[26-Nov-2021 13:19:30 UTC] PHP Stack trace:
[26-Nov-2021 13:19:30 UTC] PHP   1. {main}() /Users/marieverraest/Local Sites/bibliothequeproject/app/public/wp-admin/admin-ajax.php:0
[26-Nov-2021 13:19:30 UTC] PHP   2. require_once() /Users/marieverraest/Local Sites/bibliothequeproject/app/public/wp-admin/admin-ajax.php:22
[26-Nov-2021 13:19:30 UTC] PHP   3. require_once() /Users/marieverraest/Local Sites/bibliothequeproject/app/public/wp-load.php:50
[26-Nov-2021 13:19:30 UTC] PHP   4. require_once() /Users/marieverraest/Local Sites/bibliothequeproject/app/public/wp-config.php:77
[26-Nov-2021 13:19:30 UTC] PHP   5. include_once() /Users/marieverraest/Local Sites/bibliothequeproject/app/public/wp-settings.php:409
[26-Nov-2021 13:19:30 UTC] PHP   6. require() /Users/marieverraest/Local Sites/bibliothequeproject/app/public/wp-content/plugins/books/books.php:15
[26-Nov-2021 13:19:30 UTC] PHP Fatal error:  require(): Failed opening required '/Users/marieverraest/Local Sites/bibliothequeproject/app/public/wp-content/plugins/books/lib/fields/' (include_path='.:/usr/share/php:/www/wp-content/pear') in /Users/marieverraest/Local Sites/bibliothequeproject/app/public/wp-content/plugins/books/lib/fields/loader.php on line 2
[26-Nov-2021 13:19:30 UTC] PHP Stack trace:
[26-Nov-2021 13:19:30 UTC] PHP   1. {main}() /Users/marieverraest/Local Sites/bibliothequeproject/app/public/wp-admin/admin-ajax.php:0
[26-Nov-2021 13:19:30 UTC] PHP   2. require_once() /Users/marieverraest/Local Sites/bibliothequeproject/app/public/wp-admin/admin-ajax.php:22
[26-Nov-2021 13:19:30 UTC] PHP   3. require_once() /Users/marieverraest/Local Sites/bibliothequeproject/app/public/wp-load.php:50
[26-Nov-2021 13:19:30 UTC] PHP   4. require_once() /Users/marieverraest/Local Sites/bibliothequeproject/app/public/wp-config.php:77
[26-Nov-2021 13:19:30 UTC] PHP   5. include_once() /Users/marieverraest/Local Sites/bibliothequeproject/app/public/wp-settings.php:409
[26-Nov-2021 13:19:30 UTC] PHP   6. require() /Users/marieverraest/Local Sites/bibliothequeproject/app/public/wp-content/plugins/books/books.php:15
[26-Nov-2021 13:21:32 UTC] PHP Warning:  require(/Users/marieverraest/Local Sites/bibliothequeproject/app/public/wp-content/plugins/books/lib/fields): failed to open stream: No such file or directory in /Users/marieverraest/Local Sites/bibliothequeproject/app/public/wp-content/plugins/books/lib/fields/loader.php on line 2
[26-Nov-2021 13:21:32 UTC] PHP Stack trace:
[26-Nov-2021 13:21:32 UTC] PHP   1. {main}() /Users/marieverraest/Local Sites/bibliothequeproject/app/public/wp-admin/admin-ajax.php:0
[26-Nov-2021 13:21:32 UTC] PHP   2. require_once() /Users/marieverraest/Local Sites/bibliothequeproject/app/public/wp-admin/admin-ajax.php:22
[26-Nov-2021 13:21:32 UTC] PHP   3. require_once() /Users/marieverraest/Local Sites/bibliothequeproject/app/public/wp-load.php:50
[26-Nov-2021 13:21:32 UTC] PHP   4. require_once() /Users/marieverraest/Local Sites/bibliothequeproject/app/public/wp-config.php:77
[26-Nov-2021 13:21:32 UTC] PHP   5. include_once() /Users/marieverraest/Local Sites/bibliothequeproject/app/public/wp-settings.php:409
[26-Nov-2021 13:21:32 UTC] PHP   6. require() /Users/marieverraest/Local Sites/bibliothequeproject/app/public/wp-content/plugins/books/books.php:15
[26-Nov-2021 13:21:32 UTC] PHP Fatal error:  require(): Failed opening required '/Users/marieverraest/Local Sites/bibliothequeproject/app/public/wp-content/plugins/books/lib/fields/' (include_path='.:/usr/share/php:/www/wp-content/pear') in /Users/marieverraest/Local Sites/bibliothequeproject/app/public/wp-content/plugins/books/lib/fields/loader.php on line 2
[26-Nov-2021 13:21:32 UTC] PHP Stack trace:
[26-Nov-2021 13:21:32 UTC] PHP   1. {main}() /Users/marieverraest/Local Sites/bibliothequeproject/app/public/wp-admin/admin-ajax.php:0
[26-Nov-2021 13:21:32 UTC] PHP   2. require_once() /Users/marieverraest/Local Sites/bibliothequeproject/app/public/wp-admin/admin-ajax.php:22
[26-Nov-2021 13:21:32 UTC] PHP   3. require_once() /Users/marieverraest/Local Sites/bibliothequeproject/app/public/wp-load.php:50
[26-Nov-2021 13:21:32 UTC] PHP   4. require_once() /Users/marieverraest/Local Sites/bibliothequeproject/app/public/wp-config.php:77
[26-Nov-2021 13:21:32 UTC] PHP   5. include_once() /Users/marieverraest/Local Sites/bibliothequeproject/app/public/wp-settings.php:409
[26-Nov-2021 13:21:32 UTC] PHP   6. require() /Users/marieverraest/Local Sites/bibliothequeproject/app/public/wp-content/plugins/books/books.php:15
[26-Nov-2021 13:21:54 UTC] PHP Warning:  require(/Users/marieverraest/Local Sites/bibliothequeproject/app/public/wp-content/plugins/books/lib/fields): failed to open stream: No such file or directory in /Users/marieverraest/Local Sites/bibliothequeproject/app/public/wp-content/plugins/books/lib/fields/loader.php on line 2
[26-Nov-2021 13:21:54 UTC] PHP Stack trace:
[26-Nov-2021 13:21:54 UTC] PHP   1. {main}() /Users/marieverraest/Local Sites/bibliothequeproject/app/public/wp-admin/admin-ajax.php:0
[26-Nov-2021 13:21:54 UTC] PHP   2. require_once() /Users/marieverraest/Local Sites/bibliothequeproject/app/public/wp-admin/admin-ajax.php:22
[26-Nov-2021 13:21:54 UTC] PHP   3. require_once() /Users/marieverraest/Local Sites/bibliothequeproject/app/public/wp-load.php:50
[26-Nov-2021 13:21:54 UTC] PHP   4. require_once() /Users/marieverraest/Local Sites/bibliothequeproject/app/public/wp-config.php:77
[26-Nov-2021 13:21:54 UTC] PHP   5. include_once() /Users/marieverraest/Local Sites/bibliothequeproject/app/public/wp-settings.php:409
[26-Nov-2021 13:21:54 UTC] PHP   6. require() /Users/marieverraest/Local Sites/bibliothequeproject/app/public/wp-content/plugins/books/books.php:15
[26-Nov-2021 13:21:54 UTC] PHP Fatal error:  require(): Failed opening required '/Users/marieverraest/Local Sites/bibliothequeproject/app/public/wp-content/plugins/books/lib/fields/' (include_path='.:/usr/share/php:/www/wp-content/pear') in /Users/marieverraest/Local Sites/bibliothequeproject/app/public/wp-content/plugins/books/lib/fields/loader.php on line 2
[26-Nov-2021 13:21:54 UTC] PHP Stack trace:
[26-Nov-2021 13:21:54 UTC] PHP   1. {main}() /Users/marieverraest/Local Sites/bibliothequeproject/app/public/wp-admin/admin-ajax.php:0
[26-Nov-2021 13:21:54 UTC] PHP   2. require_once() /Users/marieverraest/Local Sites/bibliothequeproject/app/public/wp-admin/admin-ajax.php:22
[26-Nov-2021 13:21:54 UTC] PHP   3. require_once() /Users/marieverraest/Local Sites/bibliothequeproject/app/public/wp-load.php:50
[26-Nov-2021 13:21:54 UTC] PHP   4. require_once() /Users/marieverraest/Local Sites/bibliothequeproject/app/public/wp-config.php:77
[26-Nov-2021 13:21:54 UTC] PHP   5. include_once() /Users/marieverraest/Local Sites/bibliothequeproject/app/public/wp-settings.php:409
[26-Nov-2021 13:21:54 UTC] PHP   6. require() /Users/marieverraest/Local Sites/bibliothequeproject/app/public/wp-content/plugins/books/books.php:15
[26-Nov-2021 13:22:09 UTC] PHP Warning:  require(/Users/marieverraest/Local Sites/bibliothequeproject/app/public/wp-content/plugins/books/lib/fields): failed to open stream: No such file or directory in /Users/marieverraest/Local Sites/bibliothequeproject/app/public/wp-content/plugins/books/lib/fields/loader.php on line 2
[26-Nov-2021 13:22:09 UTC] PHP Stack trace:
[26-Nov-2021 13:22:09 UTC] PHP   1. {main}() /Users/marieverraest/Local Sites/bibliothequeproject/app/public/wp-admin/admin-ajax.php:0
[26-Nov-2021 13:22:09 UTC] PHP   2. require_once() /Users/marieverraest/Local Sites/bibliothequeproject/app/public/wp-admin/admin-ajax.php:22
[26-Nov-2021 13:22:09 UTC] PHP   3. require_once() /Users/marieverraest/Local Sites/bibliothequeproject/app/public/wp-load.php:50
[26-Nov-2021 13:22:09 UTC] PHP   4. require_once() /Users/marieverraest/Local Sites/bibliothequeproject/app/public/wp-config.php:77
[26-Nov-2021 13:22:09 UTC] PHP   5. include_once() /Users/marieverraest/Local Sites/bibliothequeproject/app/public/wp-settings.php:409
[26-Nov-2021 13:22:09 UTC] PHP   6. require() /Users/marieverraest/Local Sites/bibliothequeproject/app/public/wp-content/plugins/books/books.php:15
[26-Nov-2021 13:22:09 UTC] PHP Fatal error:  require(): Failed opening required '/Users/marieverraest/Local Sites/bibliothequeproject/app/public/wp-content/plugins/books/lib/fields/' (include_path='.:/usr/share/php:/www/wp-content/pear') in /Users/marieverraest/Local Sites/bibliothequeproject/app/public/wp-content/plugins/books/lib/fields/loader.php on line 2
[26-Nov-2021 13:22:09 UTC] PHP Stack trace:
[26-Nov-2021 13:22:09 UTC] PHP   1. {main}() /Users/marieverraest/Local Sites/bibliothequeproject/app/public/wp-admin/admin-ajax.php:0
[26-Nov-2021 13:22:09 UTC] PHP   2. require_once() /Users/marieverraest/Local Sites/bibliothequeproject/app/public/wp-admin/admin-ajax.php:22
[26-Nov-2021 13:22:09 UTC] PHP   3. require_once() /Users/marieverraest/Local Sites/bibliothequeproject/app/public/wp-load.php:50
[26-Nov-2021 13:22:09 UTC] PHP   4. require_once() /Users/marieverraest/Local Sites/bibliothequeproject/app/public/wp-config.php:77
[26-Nov-2021 13:22:09 UTC] PHP   5. include_once() /Users/marieverraest/Local Sites/bibliothequeproject/app/public/wp-settings.php:409
[26-Nov-2021 13:22:09 UTC] PHP   6. require() /Users/marieverraest/Local Sites/bibliothequeproject/app/public/wp-content/plugins/books/books.php:15
[26-Nov-2021 13:22:10 UTC] PHP Warning:  require(/Users/marieverraest/Local Sites/bibliothequeproject/app/public/wp-content/plugins/books/lib/fields): failed to open stream: No such file or directory in /Users/marieverraest/Local Sites/bibliothequeproject/app/public/wp-content/plugins/books/lib/fields/loader.php on line 2
[26-Nov-2021 13:22:10 UTC] PHP Stack trace:
[26-Nov-2021 13:22:10 UTC] PHP   1. {main}() /Users/marieverraest/Local Sites/bibliothequeproject/app/public/wp-admin/post-new.php:0
[26-Nov-2021 13:22:10 UTC] PHP   2. require_once() /Users/marieverraest/Local Sites/bibliothequeproject/app/public/wp-admin/post-new.php:10
[26-Nov-2021 13:22:10 UTC] PHP   3. require_once() /Users/marieverraest/Local Sites/bibliothequeproject/app/public/wp-admin/admin.php:34
[26-Nov-2021 13:22:10 UTC] PHP   4. require_once() /Users/marieverraest/Local Sites/bibliothequeproject/app/public/wp-load.php:50
[26-Nov-2021 13:22:10 UTC] PHP   5. require_once() /Users/marieverraest/Local Sites/bibliothequeproject/app/public/wp-config.php:77
[26-Nov-2021 13:22:10 UTC] PHP   6. include_once() /Users/marieverraest/Local Sites/bibliothequeproject/app/public/wp-settings.php:409
[26-Nov-2021 13:22:10 UTC] PHP   7. require() /Users/marieverraest/Local Sites/bibliothequeproject/app/public/wp-content/plugins/books/books.php:15
[26-Nov-2021 13:22:10 UTC] PHP Fatal error:  require(): Failed opening required '/Users/marieverraest/Local Sites/bibliothequeproject/app/public/wp-content/plugins/books/lib/fields/' (include_path='.:/usr/share/php:/www/wp-content/pear') in /Users/marieverraest/Local Sites/bibliothequeproject/app/public/wp-content/plugins/books/lib/fields/loader.php on line 2
[26-Nov-2021 13:22:10 UTC] PHP Stack trace:
[26-Nov-2021 13:22:10 UTC] PHP   1. {main}() /Users/marieverraest/Local Sites/bibliothequeproject/app/public/wp-admin/post-new.php:0
[26-Nov-2021 13:22:10 UTC] PHP   2. require_once() /Users/marieverraest/Local Sites/bibliothequeproject/app/public/wp-admin/post-new.php:10
[26-Nov-2021 13:22:10 UTC] PHP   3. require_once() /Users/marieverraest/Local Sites/bibliothequeproject/app/public/wp-admin/admin.php:34
[26-Nov-2021 13:22:10 UTC] PHP   4. require_once() /Users/marieverraest/Local Sites/bibliothequeproject/app/public/wp-load.php:50
[26-Nov-2021 13:22:10 UTC] PHP   5. require_once() /Users/marieverraest/Local Sites/bibliothequeproject/app/public/wp-config.php:77
[26-Nov-2021 13:22:10 UTC] PHP   6. include_once() /Users/marieverraest/Local Sites/bibliothequeproject/app/public/wp-settings.php:409
[26-Nov-2021 13:22:10 UTC] PHP   7. require() /Users/marieverraest/Local Sites/bibliothequeproject/app/public/wp-content/plugins/books/books.php:15
[26-Nov-2021 13:22:27 UTC] PHP Warning:  require(/Users/marieverraest/Local Sites/bibliothequeproject/app/public/wp-content/plugins/books/lib/fields): failed to open stream: No such file or directory in /Users/marieverraest/Local Sites/bibliothequeproject/app/public/wp-content/plugins/books/lib/fields/loader.php on line 2
[26-Nov-2021 13:22:27 UTC] PHP Stack trace:
[26-Nov-2021 13:22:27 UTC] PHP   1. {main}() /Users/marieverraest/Local Sites/bibliothequeproject/app/public/wp-admin/admin-ajax.php:0
[26-Nov-2021 13:22:27 UTC] PHP   2. require_once() /Users/marieverraest/Local Sites/bibliothequeproject/app/public/wp-admin/admin-ajax.php:22
[26-Nov-2021 13:22:27 UTC] PHP   3. require_once() /Users/marieverraest/Local Sites/bibliothequeproject/app/public/wp-load.php:50
[26-Nov-2021 13:22:27 UTC] PHP   4. require_once() /Users/marieverraest/Local Sites/bibliothequeproject/app/public/wp-config.php:77
[26-Nov-2021 13:22:27 UTC] PHP   5. include_once() /Users/marieverraest/Local Sites/bibliothequeproject/app/public/wp-settings.php:409
[26-Nov-2021 13:22:27 UTC] PHP   6. require() /Users/marieverraest/Local Sites/bibliothequeproject/app/public/wp-content/plugins/books/books.php:15
[26-Nov-2021 13:22:27 UTC] PHP Fatal error:  require(): Failed opening required '/Users/marieverraest/Local Sites/bibliothequeproject/app/public/wp-content/plugins/books/lib/fields/' (include_path='.:/usr/share/php:/www/wp-content/pear') in /Users/marieverraest/Local Sites/bibliothequeproject/app/public/wp-content/plugins/books/lib/fields/loader.php on line 2
[26-Nov-2021 13:22:27 UTC] PHP Stack trace:
[26-Nov-2021 13:22:27 UTC] PHP   1. {main}() /Users/marieverraest/Local Sites/bibliothequeproject/app/public/wp-admin/admin-ajax.php:0
[26-Nov-2021 13:22:27 UTC] PHP   2. require_once() /Users/marieverraest/Local Sites/bibliothequeproject/app/public/wp-admin/admin-ajax.php:22
[26-Nov-2021 13:22:27 UTC] PHP   3. require_once() /Users/marieverraest/Local Sites/bibliothequeproject/app/public/wp-load.php:50
[26-Nov-2021 13:22:27 UTC] PHP   4. require_once() /Users/marieverraest/Local Sites/bibliothequeproject/app/public/wp-config.php:77
[26-Nov-2021 13:22:27 UTC] PHP   5. include_once() /Users/marieverraest/Local Sites/bibliothequeproject/app/public/wp-settings.php:409
[26-Nov-2021 13:22:27 UTC] PHP   6. require() /Users/marieverraest/Local Sites/bibliothequeproject/app/public/wp-content/plugins/books/books.php:15
[09-Dec-2021 12:06:23 UTC] PHP Warning:  Une erreur imprévue est survenue. Il pourrait y avoir un problème avec WordPress.org ou la configuration de ce serveur. Si vous continuez à rencontrer ce problème, veuillez vous rendre sur les <a href="https://wpfr.net/support">forums de support</a>. (WordPress n’a pas pu établir de connexion sécurisée vers WordPress.org. Veuillez contacter l’administrateur ou l’administratrice de votre serveur.) in /Users/marieverraest/Local Sites/bibliothequeproject/app/public/wp-includes/update.php on line 175
[09-Dec-2021 12:06:23 UTC] PHP Stack trace:
[09-Dec-2021 12:06:23 UTC] PHP   1. {main}() /Users/marieverraest/Local Sites/bibliothequeproject/app/public/wp-cron.php:0
[09-Dec-2021 12:06:23 UTC] PHP   2. do_action_ref_array() /Users/marieverraest/Local Sites/bibliothequeproject/app/public/wp-cron.php:138
[09-Dec-2021 12:06:23 UTC] PHP   3. WP_Hook->do_action() /Users/marieverraest/Local Sites/bibliothequeproject/app/public/wp-includes/plugin.php:518
[09-Dec-2021 12:06:23 UTC] PHP   4. WP_Hook->apply_filters() /Users/marieverraest/Local Sites/bibliothequeproject/app/public/wp-includes/class-wp-hook.php:327
[09-Dec-2021 12:06:23 UTC] PHP   5. wp_version_check() /Users/marieverraest/Local Sites/bibliothequeproject/app/public/wp-includes/class-wp-hook.php:303
[09-Dec-2021 12:06:23 UTC] PHP   6. trigger_error() /Users/marieverraest/Local Sites/bibliothequeproject/app/public/wp-includes/update.php:175
[09-Dec-2021 12:06:23 UTC] PHP Warning:  Une erreur imprévue est survenue. Il pourrait y avoir un problème avec WordPress.org ou la configuration de ce serveur. Si vous continuez à rencontrer ce problème, veuillez vous rendre sur les <a href="https://wpfr.net/support">forums de support</a>. (WordPress n’a pas pu établir de connexion sécurisée vers WordPress.org. Veuillez contacter l’administrateur ou l’administratrice de votre serveur.) in /Users/marieverraest/Local Sites/bibliothequeproject/app/public/wp-includes/update.php on line 693
[09-Dec-2021 12:06:23 UTC] PHP Stack trace:
[09-Dec-2021 12:06:23 UTC] PHP   1. {main}() /Users/marieverraest/Local Sites/bibliothequeproject/app/public/wp-cron.php:0
[09-Dec-2021 12:06:23 UTC] PHP   2. do_action_ref_array() /Users/marieverraest/Local Sites/bibliothequeproject/app/public/wp-cron.php:138
[09-Dec-2021 12:06:23 UTC] PHP   3. WP_Hook->do_action() /Users/marieverraest/Local Sites/bibliothequeproject/app/public/wp-includes/plugin.php:518
[09-Dec-2021 12:06:23 UTC] PHP   4. WP_Hook->apply_filters() /Users/marieverraest/Local Sites/bibliothequeproject/app/public/wp-includes/class-wp-hook.php:327
[09-Dec-2021 12:06:23 UTC] PHP   5. wp_update_themes() /Users/marieverraest/Local Sites/bibliothequeproject/app/public/wp-includes/class-wp-hook.php:303
[09-Dec-2021 12:06:23 UTC] PHP   6. trigger_error() /Users/marieverraest/Local Sites/bibliothequeproject/app/public/wp-includes/update.php:693
