[26-Nov-2021 13:16:33] NOTICE: fpm is running, pid 2374
[26-Nov-2021 13:16:33] NOTICE: ready to handle connections
[26-Nov-2021 13:25:09] NOTICE: Terminating ...
[26-Nov-2021 13:25:09] NOTICE: Terminating ...
[26-Nov-2021 13:25:09] NOTICE: exiting, bye-bye!
[26-Nov-2021 13:25:15] NOTICE: fpm is running, pid 2882
[26-Nov-2021 13:25:15] NOTICE: ready to handle connections
[28-Nov-2021 19:00:09] NOTICE: fpm is running, pid 1945
[28-Nov-2021 19:00:09] NOTICE: ready to handle connections
[28-Nov-2021 19:09:21] NOTICE: Terminating ...
[28-Nov-2021 19:09:21] NOTICE: Terminating ...
[28-Nov-2021 19:09:21] NOTICE: exiting, bye-bye!
[28-Nov-2021 19:51:47] NOTICE: fpm is running, pid 2576
[28-Nov-2021 19:51:47] NOTICE: ready to handle connections
[06-Dec-2021 20:47:57] NOTICE: fpm is running, pid 1333
[06-Dec-2021 20:47:57] NOTICE: ready to handle connections
[06-Dec-2021 21:53:27] NOTICE: Terminating ...
[06-Dec-2021 21:53:27] NOTICE: Terminating ...
[06-Dec-2021 21:53:27] NOTICE: exiting, bye-bye!
[09-Dec-2021 13:05:14] NOTICE: fpm is running, pid 2817
[09-Dec-2021 13:05:14] NOTICE: ready to handle connections
[09-Dec-2021 13:24:03] NOTICE: Terminating ...
[09-Dec-2021 13:24:03] NOTICE: Terminating ...
[09-Dec-2021 13:24:03] NOTICE: exiting, bye-bye!
[09-Dec-2021 16:03:10] NOTICE: fpm is running, pid 12651
[09-Dec-2021 16:03:10] NOTICE: ready to handle connections
